time="2023-09-06T08:43:53.324" level=debug msg="Establish connection with bitxhub localhost:60013 successfully, pool is 0" module=app
time="2023-09-06T08:43:53.515" level=info msg="appchain adapter start" module=appchain_adapter
time="2023-09-06T08:43:53.515" level=info msg="BxhAdapter started" module=bxh_adapter
time="2023-09-06T08:43:53.546" level=info msg="Start To Recover IBTPs!" module=exchanger
time="2023-09-06T08:43:53.546" level=info msg="End To Recover IBTPs!" module=exchanger
time="2023-09-06T08:43:53.546" level=info msg="Exchanger started" module=exchanger
time="2023-09-06T08:43:53.546" level=info msg="listenIBTPFromSrcAdaptToServicePairCh appchain:appchain1 Start!" module=exchanger
time="2023-09-06T08:43:53.546" level=info msg="listenIBTPFromDestAdaptToServicePairCh bitxhub:1356 Start!" module=exchanger
time="2023-09-06T08:56:03.438" level=info msg="Handle interchain tx wrapper" count=0 height=27 index=0 module=bxh_adapter timeout IDs="[]"
time="2023-09-06T08:56:04.036" level=info msg="Handle interchain tx wrapper" count=0 height=28 index=0 module=bxh_adapter timeout IDs="[]"
time="2023-09-06T08:56:06.135" level=info msg="Handle interchain tx wrapper" count=0 height=29 index=0 module=bxh_adapter timeout IDs="[]"
time="2023-09-06T08:56:08.217" level=info msg="Handle interchain tx wrapper" count=0 height=30 index=0 module=bxh_adapter timeout IDs="[]"
time="2023-09-06T09:05:17.749" level=info msg="Handle interchain tx wrapper" count=0 height=31 index=0 module=bxh_adapter timeout IDs="[]"
time="2023-09-06T09:05:18.048" level=info msg="Handle interchain tx wrapper" count=0 height=32 index=0 module=bxh_adapter timeout IDs="[]"
time="2023-09-06T09:05:20.377" level=info msg="Handle interchain tx wrapper" count=0 height=33 index=0 module=bxh_adapter timeout IDs="[]"
time="2023-09-06T09:05:22.093" level=info msg="Handle interchain tx wrapper" count=0 height=34 index=0 module=bxh_adapter timeout IDs="[]"
time="2023-09-06T09:05:22.394" level=info msg="Handle interchain tx wrapper" count=0 height=35 index=0 module=bxh_adapter timeout IDs="[]"
time="2023-09-06T09:05:22.689" level=info msg="Handle interchain tx wrapper" count=0 height=36 index=0 module=bxh_adapter timeout IDs="[]"
time="2023-09-06T09:05:24.823" level=info msg="Handle interchain tx wrapper" count=0 height=37 index=0 module=bxh_adapter timeout IDs="[]"
time="2023-09-06T09:05:26.919" level=info msg="Handle interchain tx wrapper" count=0 height=38 index=0 module=bxh_adapter timeout IDs="[]"
time="2023-09-06T09:05:45.940" level=info msg="Handle interchain tx wrapper" count=1 height=39 index=0 module=bxh_adapter timeout IDs="[]"
time="2023-09-06T09:05:45.940" level=info msg="Handle interchain tx wrapper" count=0 height=40 index=0 module=bxh_adapter timeout IDs="[]"
time="2023-09-06T09:05:45.940" level=info msg="Receive ibtp from :bitxhub:1356" ibtp_id="1356:ethappchain1:0x1e47E0D3533E789565f9DEc803c41F274DCE7a23-1356:appchain1:mychannel&data_swapper-1" index=1 module=exchanger type=INTERCHAIN
time="2023-09-06T09:05:45.941" level=info msg="start submit ibtp" ibtp="1356:ethappchain1:0x1e47E0D3533E789565f9DEc803c41F274DCE7a23-1356:appchain1:mychannel&data_swapper-1" module=appchain_adapter typ=INTERCHAIN
time="2023-09-06T09:05:50.056" level=info msg="appchain adapter submit ibtp success" module=appchain_adapter
time="2023-09-06T09:05:50.057" level=info msg="Receive ibtp from :appchain:appchain1" ibtp_id="1356:ethappchain1:0x1e47E0D3533E789565f9DEc803c41F274DCE7a23-1356:appchain1:mychannel&data_swapper-1" index=1 module=exchanger type=RECEIPT_SUCCESS
time="2023-09-06T09:05:50.465" level=info msg="Handle interchain tx wrapper" count=0 height=41 index=0 module=bxh_adapter timeout IDs="[]"
time="2023-09-06T09:05:50.766" level=info msg="Handle interchain tx wrapper" count=0 height=42 index=0 module=bxh_adapter timeout IDs="[]"
time="2023-09-06T09:07:03.063" level=info msg="Handle interchain tx wrapper" count=1 height=43 index=0 module=bxh_adapter timeout IDs="[]"
time="2023-09-06T09:07:03.063" level=info msg="Handle interchain tx wrapper" count=0 height=44 index=0 module=bxh_adapter timeout IDs="[]"
time="2023-09-06T09:07:03.063" level=info msg="Receive ibtp from :bitxhub:1356" ibtp_id="1356:ethappchain1:0xbA304C6092Ce391538d11FFe5c6ce3c56ABFaE82-1356:appchain1:mychannel&data_swapper-1" index=1 module=exchanger type=INTERCHAIN
time="2023-09-06T09:07:03.063" level=info msg="start submit ibtp" ibtp="1356:ethappchain1:0xbA304C6092Ce391538d11FFe5c6ce3c56ABFaE82-1356:appchain1:mychannel&data_swapper-1" module=appchain_adapter typ=INTERCHAIN
time="2023-09-06T09:07:07.166" level=info msg="Receive ibtp from :appchain:appchain1" ibtp_id="1356:ethappchain1:0xbA304C6092Ce391538d11FFe5c6ce3c56ABFaE82-1356:appchain1:mychannel&data_swapper-1" index=1 module=exchanger type=RECEIPT_SUCCESS
time="2023-09-06T09:07:07.169" level=info msg="appchain adapter submit ibtp success" module=appchain_adapter
time="2023-09-06T09:07:07.579" level=info msg="Handle interchain tx wrapper" count=0 height=45 index=0 module=bxh_adapter timeout IDs="[]"
time="2023-09-06T09:07:09.990" level=info msg="Handle interchain tx wrapper" count=0 height=46 index=0 module=bxh_adapter timeout IDs="[]"
time="2023-09-06T09:41:13.174" level=info msg="Handle interchain tx wrapper" count=0 height=47 index=0 module=bxh_adapter timeout IDs="[]"
time="2023-09-06T09:41:13.473" level=info msg="Handle interchain tx wrapper" count=0 height=48 index=0 module=bxh_adapter timeout IDs="[]"
time="2023-09-06T09:41:15.756" level=info msg="Handle interchain tx wrapper" count=0 height=49 index=0 module=bxh_adapter timeout IDs="[]"
time="2023-09-06T09:41:17.012" level=info msg="Handle interchain tx wrapper" count=0 height=50 index=0 module=bxh_adapter timeout IDs="[]"
time="2023-09-06T09:41:17.311" level=info msg="Handle interchain tx wrapper" count=0 height=51 index=0 module=bxh_adapter timeout IDs="[]"
time="2023-09-06T09:41:17.613" level=info msg="Handle interchain tx wrapper" count=0 height=52 index=0 module=bxh_adapter timeout IDs="[]"
time="2023-09-06T09:41:19.592" level=info msg="Handle interchain tx wrapper" count=0 height=53 index=0 module=bxh_adapter timeout IDs="[]"
time="2023-09-06T09:41:21.684" level=info msg="Handle interchain tx wrapper" count=0 height=54 index=0 module=bxh_adapter timeout IDs="[]"
time="2023-09-06T09:41:46.565" level=info msg="Handle interchain tx wrapper" count=1 height=55 index=0 module=bxh_adapter timeout IDs="[]"
time="2023-09-06T09:41:46.565" level=info msg="Handle interchain tx wrapper" count=0 height=56 index=0 module=bxh_adapter timeout IDs="[]"
time="2023-09-06T09:41:46.565" level=info msg="Receive ibtp from :bitxhub:1356" ibtp_id="1356:ethappchain1:0x8d9ffb50B9753A1BFf08292F5191adc4B282A50b-1356:appchain1:mychannel&data_swapper-1" index=1 module=exchanger type=INTERCHAIN
time="2023-09-06T09:41:46.565" level=info msg="start submit ibtp" ibtp="1356:ethappchain1:0x8d9ffb50B9753A1BFf08292F5191adc4B282A50b-1356:appchain1:mychannel&data_swapper-1" module=appchain_adapter typ=INTERCHAIN
time="2023-09-06T09:41:50.666" level=info msg="appchain adapter submit ibtp success" module=appchain_adapter
time="2023-09-06T09:41:50.667" level=info msg="Receive ibtp from :appchain:appchain1" ibtp_id="1356:ethappchain1:0x8d9ffb50B9753A1BFf08292F5191adc4B282A50b-1356:appchain1:mychannel&data_swapper-1" index=1 module=exchanger type=RECEIPT_SUCCESS
time="2023-09-06T09:41:51.077" level=info msg="Handle interchain tx wrapper" count=0 height=57 index=0 module=bxh_adapter timeout IDs="[]"
time="2023-09-06T09:41:51.378" level=info msg="Handle interchain tx wrapper" count=0 height=58 index=0 module=bxh_adapter timeout IDs="[]"
time="2023-09-06T09:42:07.454" level=info msg="Handle interchain tx wrapper" count=1 height=59 index=0 module=bxh_adapter timeout IDs="[]"
time="2023-09-06T09:42:07.455" level=info msg="Receive ibtp from :bitxhub:1356" ibtp_id="1356:ethappchain1:0x8d9ffb50B9753A1BFf08292F5191adc4B282A50b-1356:appchain1:mychannel&data_swapper-2" index=2 module=exchanger type=INTERCHAIN
time="2023-09-06T09:42:07.455" level=info msg="start submit ibtp" ibtp="1356:ethappchain1:0x8d9ffb50B9753A1BFf08292F5191adc4B282A50b-1356:appchain1:mychannel&data_swapper-2" module=appchain_adapter typ=INTERCHAIN
time="2023-09-06T09:42:07.455" level=info msg="Handle interchain tx wrapper" count=0 height=60 index=0 module=bxh_adapter timeout IDs="[]"
time="2023-09-06T09:42:11.546" level=info msg="Receive ibtp from :appchain:appchain1" ibtp_id="1356:ethappchain1:0x8d9ffb50B9753A1BFf08292F5191adc4B282A50b-1356:appchain1:mychannel&data_swapper-2" index=2 module=exchanger type=RECEIPT_SUCCESS
time="2023-09-06T09:42:11.546" level=info msg="appchain adapter submit ibtp success" module=appchain_adapter
time="2023-09-06T09:42:11.959" level=info msg="Handle interchain tx wrapper" count=0 height=61 index=0 module=bxh_adapter timeout IDs="[]"
time="2023-09-06T09:42:14.369" level=info msg="Handle interchain tx wrapper" count=0 height=62 index=0 module=bxh_adapter timeout IDs="[]"
time="2023-09-06T09:45:51.225" level=info msg="Handle interchain tx wrapper" count=0 height=63 index=0 module=bxh_adapter timeout IDs="[]"
time="2023-09-06T09:45:51.523" level=info msg="Handle interchain tx wrapper" count=0 height=64 index=0 module=bxh_adapter timeout IDs="[]"
time="2023-09-06T09:45:53.330" level=info msg="Handle interchain tx wrapper" count=0 height=65 index=0 module=bxh_adapter timeout IDs="[]"
time="2023-09-06T09:45:53.630" level=info msg="Handle interchain tx wrapper" count=0 height=66 index=0 module=bxh_adapter timeout IDs="[]"
time="2023-09-06T09:45:55.897" level=info msg="Handle interchain tx wrapper" count=0 height=67 index=0 module=bxh_adapter timeout IDs="[]"
time="2023-09-06T09:45:58.026" level=info msg="Handle interchain tx wrapper" count=0 height=68 index=0 module=bxh_adapter timeout IDs="[]"
time="2023-09-06T09:46:13.324" level=info msg="Handle interchain tx wrapper" count=1 height=69 index=0 module=bxh_adapter timeout IDs="[]"
time="2023-09-06T09:46:13.324" level=info msg="Handle interchain tx wrapper" count=0 height=70 index=0 module=bxh_adapter timeout IDs="[]"
time="2023-09-06T09:46:13.324" level=info msg="Receive ibtp from :bitxhub:1356" ibtp_id="1356:ethappchain1:0x055b30D852b2dF2d625F370B9f17f37dA27925Bf-1356:appchain1:mychannel&data_swapper-1" index=1 module=exchanger type=INTERCHAIN
time="2023-09-06T09:46:13.325" level=info msg="start submit ibtp" ibtp="1356:ethappchain1:0x055b30D852b2dF2d625F370B9f17f37dA27925Bf-1356:appchain1:mychannel&data_swapper-1" module=appchain_adapter typ=INTERCHAIN
time="2023-09-06T09:46:17.417" level=info msg="appchain adapter submit ibtp success" module=appchain_adapter
time="2023-09-06T09:46:17.417" level=info msg="Receive ibtp from :appchain:appchain1" ibtp_id="1356:ethappchain1:0x055b30D852b2dF2d625F370B9f17f37dA27925Bf-1356:appchain1:mychannel&data_swapper-1" index=1 module=exchanger type=RECEIPT_SUCCESS
time="2023-09-06T09:46:17.824" level=info msg="Handle interchain tx wrapper" count=0 height=71 index=0 module=bxh_adapter timeout IDs="[]"
time="2023-09-06T09:46:20.233" level=info msg="Handle interchain tx wrapper" count=0 height=72 index=0 module=bxh_adapter timeout IDs="[]"
time="2023-09-06T09:55:36.347" level=info msg="Handle interchain tx wrapper" count=0 height=73 index=0 module=bxh_adapter timeout IDs="[]"
time="2023-09-06T09:55:36.997" level=info msg="Handle interchain tx wrapper" count=0 height=74 index=0 module=bxh_adapter timeout IDs="[]"
time="2023-09-06T09:55:38.674" level=info msg="Handle interchain tx wrapper" count=0 height=75 index=0 module=bxh_adapter timeout IDs="[]"
time="2023-09-06T09:55:38.978" level=info msg="Handle interchain tx wrapper" count=0 height=76 index=0 module=bxh_adapter timeout IDs="[]"
time="2023-09-06T09:55:41.181" level=info msg="Handle interchain tx wrapper" count=0 height=77 index=0 module=bxh_adapter timeout IDs="[]"
time="2023-09-06T09:55:43.383" level=info msg="Handle interchain tx wrapper" count=0 height=78 index=0 module=bxh_adapter timeout IDs="[]"
time="2023-09-06T09:56:03.981" level=info msg="Handle interchain tx wrapper" count=1 height=79 index=0 module=bxh_adapter timeout IDs="[]"
time="2023-09-06T09:56:03.982" level=info msg="Handle interchain tx wrapper" count=0 height=80 index=0 module=bxh_adapter timeout IDs="[]"
time="2023-09-06T09:56:03.982" level=info msg="Receive ibtp from :bitxhub:1356" ibtp_id="1356:ethappchain1:0xfDE40690377Cf902fF2A1eF86357BD54e4a2f63b-1356:appchain1:mychannel&data_swapper-1" index=1 module=exchanger type=INTERCHAIN
time="2023-09-06T09:56:03.982" level=info msg="start submit ibtp" ibtp="1356:ethappchain1:0xfDE40690377Cf902fF2A1eF86357BD54e4a2f63b-1356:appchain1:mychannel&data_swapper-1" module=appchain_adapter typ=INTERCHAIN
time="2023-09-06T09:56:08.083" level=info msg="Receive ibtp from :appchain:appchain1" ibtp_id="1356:ethappchain1:0xfDE40690377Cf902fF2A1eF86357BD54e4a2f63b-1356:appchain1:mychannel&data_swapper-1" index=1 module=exchanger type=RECEIPT_SUCCESS
time="2023-09-06T09:56:08.085" level=info msg="appchain adapter submit ibtp success" module=appchain_adapter
time="2023-09-06T09:56:08.492" level=info msg="Handle interchain tx wrapper" count=0 height=81 index=0 module=bxh_adapter timeout IDs="[]"
time="2023-09-06T09:56:10.909" level=info msg="Handle interchain tx wrapper" count=0 height=82 index=0 module=bxh_adapter timeout IDs="[]"
time="2023-09-06T10:50:02.822" level=info msg="ListenIBTPFromSrcAdapt Stop!" module=exchanger
time="2023-09-06T10:50:02.822" level=info msg="ListenIBTPFromDestAdapt Stop!" module=exchanger
time="2023-09-06T10:50:02.822" level=info msg="ListenIBTPFromSrcAdapt Stop!" module=exchanger
time="2023-09-06T10:50:02.822" level=info msg="ListenIBTPFromDestAdapt Stop!" module=exchanger
time="2023-09-06T10:50:02.822" level=info msg="ListenIBTPFromSrcAdapt Stop!" module=exchanger
time="2023-09-06T10:50:02.822" level=info msg="ListenIBTPFromDestAdapt Stop!" module=exchanger
time="2023-09-06T10:50:02.822" level=info msg="ListenIBTPFromDestAdapt Stop!" module=exchanger
time="2023-09-06T10:50:02.822" level=info msg="ListenIBTPFromDestAdapt Stop!" module=exchanger
time="2023-09-06T10:50:02.822" level=info msg="ListenIBTPFromSrcAdapt Stop!" module=exchanger
time="2023-09-06T10:50:02.822" level=info msg="receiving done signal, exit pier HA..." module=app
time="2023-09-06T10:50:02.822" level=info msg="listenIBTPFromSrcAdaptToServicePairCh Stop!" module=exchanger
time="2023-09-06T10:50:02.822" level=info msg="listenIBTPFromDestAdaptToServicePairCh Stop!" module=exchanger
time="2023-09-06T10:50:02.822" level=info msg="ListenIBTPFromSrcAdapt Stop!" module=exchanger
time="2023-09-06T10:50:02.826" level=info msg="appchain adapter stopped" module=appchain_adapter
time="2023-09-06T10:50:02.826" level=info msg="BxhAdapter stopped" module=bxh_adapter
time="2023-09-06T10:50:02.826" level=info msg="Exchanger stopped" module=exchanger
time="2023-09-06T10:56:50.780" level=debug msg="Establish connection with bitxhub localhost:60014 successfully, pool is 0" module=app
time="2023-09-06T10:56:50.854" level=info msg="appchain adapter start" module=appchain_adapter
time="2023-09-06T10:56:50.854" level=info msg="BxhAdapter started" module=bxh_adapter
time="2023-09-06T10:56:50.888" level=info msg="Start To Recover IBTPs!" module=exchanger
time="2023-09-06T10:56:50.888" level=info msg="End To Recover IBTPs!" module=exchanger
time="2023-09-06T10:56:50.888" level=info msg="Exchanger started" module=exchanger
time="2023-09-06T10:56:50.889" level=info msg="listenIBTPFromDestAdaptToServicePairCh bitxhub:1356 Start!" module=exchanger
time="2023-09-06T10:56:50.889" level=info msg="listenIBTPFromSrcAdaptToServicePairCh appchain:appchain1 Start!" module=exchanger
time="2023-09-06T11:04:38.545" level=info msg="Handle interchain tx wrapper" count=0 height=26 index=0 module=bxh_adapter timeout IDs="[]"
time="2023-09-06T11:04:38.846" level=info msg="Handle interchain tx wrapper" count=0 height=27 index=0 module=bxh_adapter timeout IDs="[]"
time="2023-09-06T11:04:41.147" level=info msg="Handle interchain tx wrapper" count=0 height=28 index=0 module=bxh_adapter timeout IDs="[]"
time="2023-09-06T11:04:42.167" level=info msg="Handle interchain tx wrapper" count=0 height=29 index=0 module=bxh_adapter timeout IDs="[]"
time="2023-09-06T11:04:42.468" level=info msg="Handle interchain tx wrapper" count=0 height=30 index=0 module=bxh_adapter timeout IDs="[]"
time="2023-09-06T11:04:43.237" level=info msg="Handle interchain tx wrapper" count=0 height=31 index=0 module=bxh_adapter timeout IDs="[]"
time="2023-09-06T11:04:44.854" level=info msg="Handle interchain tx wrapper" count=0 height=32 index=0 module=bxh_adapter timeout IDs="[]"
time="2023-09-06T11:04:46.939" level=info msg="Handle interchain tx wrapper" count=0 height=33 index=0 module=bxh_adapter timeout IDs="[]"
time="2023-09-06T14:29:45.563" level=info msg="Handle interchain tx wrapper" count=0 height=34 index=0 module=bxh_adapter timeout IDs="[]"
time="2023-09-06T14:29:46.195" level=info msg="Handle interchain tx wrapper" count=0 height=35 index=0 module=bxh_adapter timeout IDs="[]"
time="2023-09-06T14:29:48.292" level=info msg="Handle interchain tx wrapper" count=0 height=36 index=0 module=bxh_adapter timeout IDs="[]"
time="2023-09-06T14:29:48.595" level=info msg="Handle interchain tx wrapper" count=0 height=37 index=0 module=bxh_adapter timeout IDs="[]"
time="2023-09-06T14:29:49.384" level=info msg="Handle interchain tx wrapper" count=0 height=38 index=0 module=bxh_adapter timeout IDs="[]"
time="2023-09-06T14:29:50.387" level=info msg="Handle interchain tx wrapper" count=0 height=39 index=0 module=bxh_adapter timeout IDs="[]"
time="2023-09-06T14:29:51.476" level=info msg="Handle interchain tx wrapper" count=0 height=40 index=0 module=bxh_adapter timeout IDs="[]"
time="2023-09-06T14:29:53.614" level=info msg="Handle interchain tx wrapper" count=0 height=41 index=0 module=bxh_adapter timeout IDs="[]"
time="2023-09-06T14:41:45.214" level=info msg="Handle interchain tx wrapper" count=0 height=42 index=0 module=bxh_adapter timeout IDs="[]"
time="2023-09-06T14:41:45.506" level=info msg="Handle interchain tx wrapper" count=0 height=43 index=0 module=bxh_adapter timeout IDs="[]"
time="2023-09-06T14:41:47.039" level=info msg="Handle interchain tx wrapper" count=0 height=44 index=0 module=bxh_adapter timeout IDs="[]"
time="2023-09-06T14:41:47.338" level=info msg="Handle interchain tx wrapper" count=0 height=45 index=0 module=bxh_adapter timeout IDs="[]"
time="2023-09-06T14:41:47.640" level=info msg="Handle interchain tx wrapper" count=0 height=46 index=0 module=bxh_adapter timeout IDs="[]"
time="2023-09-06T14:41:49.734" level=info msg="Handle interchain tx wrapper" count=0 height=47 index=0 module=bxh_adapter timeout IDs="[]"
time="2023-09-06T14:41:51.834" level=info msg="Handle interchain tx wrapper" count=0 height=48 index=0 module=bxh_adapter timeout IDs="[]"
time="2023-09-06T14:49:41.324" level=info msg="Handle interchain tx wrapper" count=0 height=49 index=0 module=bxh_adapter timeout IDs="[]"
time="2023-09-06T14:49:41.626" level=info msg="Handle interchain tx wrapper" count=0 height=50 index=0 module=bxh_adapter timeout IDs="[]"
time="2023-09-06T14:49:44.014" level=info msg="Handle interchain tx wrapper" count=0 height=51 index=0 module=bxh_adapter timeout IDs="[]"
time="2023-09-06T14:49:44.633" level=info msg="Handle interchain tx wrapper" count=0 height=52 index=0 module=bxh_adapter timeout IDs="[]"
time="2023-09-06T14:49:46.145" level=info msg="Handle interchain tx wrapper" count=0 height=53 index=0 module=bxh_adapter timeout IDs="[]"
time="2023-09-06T14:49:46.441" level=info msg="Handle interchain tx wrapper" count=0 height=54 index=0 module=bxh_adapter timeout IDs="[]"
time="2023-09-06T14:49:48.876" level=info msg="Handle interchain tx wrapper" count=0 height=55 index=0 module=bxh_adapter timeout IDs="[]"
time="2023-09-06T14:49:54.813" level=info msg="Handle interchain tx wrapper" count=1 height=56 index=0 module=bxh_adapter timeout IDs="[]"
time="2023-09-06T14:49:54.813" level=info msg="Handle interchain tx wrapper" count=0 height=57 index=0 module=bxh_adapter timeout IDs="[]"
time="2023-09-06T14:49:54.813" level=info msg="Receive ibtp from :bitxhub:1356" ibtp_id="1356:ethappchain1:0x316F7769f00dA170466b0f98ee35899f09976275-1356:appchain1:mychannel&data_swapper-1" index=1 module=exchanger type=INTERCHAIN
time="2023-09-06T14:49:54.813" level=info msg="start submit ibtp" ibtp="1356:ethappchain1:0x316F7769f00dA170466b0f98ee35899f09976275-1356:appchain1:mychannel&data_swapper-1" module=appchain_adapter typ=INTERCHAIN
time="2023-09-06T14:49:58.914" level=info msg="appchain adapter submit ibtp success" module=appchain_adapter
time="2023-09-06T14:49:58.914" level=info msg="Receive ibtp from :appchain:appchain1" ibtp_id="1356:ethappchain1:0x316F7769f00dA170466b0f98ee35899f09976275-1356:appchain1:mychannel&data_swapper-1" index=1 module=exchanger type=RECEIPT_SUCCESS
time="2023-09-06T14:49:59.328" level=info msg="Handle interchain tx wrapper" count=0 height=58 index=0 module=bxh_adapter timeout IDs="[]"
time="2023-09-06T14:49:59.625" level=info msg="Handle interchain tx wrapper" count=0 height=59 index=0 module=bxh_adapter timeout IDs="[]"
time="2023-09-06T14:51:41.943" level=info msg="Handle interchain tx wrapper" count=0 height=60 index=0 module=bxh_adapter timeout IDs="[]"
time="2023-09-06T14:51:42.233" level=info msg="Handle interchain tx wrapper" count=0 height=61 index=0 module=bxh_adapter timeout IDs="[]"
time="2023-09-06T14:51:44.584" level=info msg="Handle interchain tx wrapper" count=0 height=62 index=0 module=bxh_adapter timeout IDs="[]"
time="2023-09-06T14:51:44.883" level=info msg="Handle interchain tx wrapper" count=0 height=63 index=0 module=bxh_adapter timeout IDs="[]"
time="2023-09-06T14:51:46.678" level=info msg="Handle interchain tx wrapper" count=0 height=64 index=0 module=bxh_adapter timeout IDs="[]"
time="2023-09-06T14:51:46.974" level=info msg="Handle interchain tx wrapper" count=0 height=65 index=0 module=bxh_adapter timeout IDs="[]"
time="2023-09-06T14:51:49.327" level=info msg="Handle interchain tx wrapper" count=0 height=66 index=0 module=bxh_adapter timeout IDs="[]"
time="2023-09-06T14:52:06.256" level=info msg="Handle interchain tx wrapper" count=1 height=67 index=0 module=bxh_adapter timeout IDs="[]"
time="2023-09-06T14:52:06.256" level=info msg="Handle interchain tx wrapper" count=0 height=68 index=0 module=bxh_adapter timeout IDs="[]"
time="2023-09-06T14:52:06.256" level=info msg="Receive ibtp from :bitxhub:1356" ibtp_id="1356:ethappchain1:0x055b30D852b2dF2d625F370B9f17f37dA27925Bf-1356:appchain1:mychannel&data_swapper-1" index=1 module=exchanger type=INTERCHAIN
time="2023-09-06T14:52:06.257" level=info msg="start submit ibtp" ibtp="1356:ethappchain1:0x055b30D852b2dF2d625F370B9f17f37dA27925Bf-1356:appchain1:mychannel&data_swapper-1" module=appchain_adapter typ=INTERCHAIN
time="2023-09-06T14:52:10.345" level=info msg="appchain adapter submit ibtp success" module=appchain_adapter
time="2023-09-06T14:52:10.346" level=info msg="Receive ibtp from :appchain:appchain1" ibtp_id="1356:ethappchain1:0x055b30D852b2dF2d625F370B9f17f37dA27925Bf-1356:appchain1:mychannel&data_swapper-1" index=1 module=exchanger type=RECEIPT_SUCCESS
time="2023-09-06T14:52:10.762" level=info msg="Handle interchain tx wrapper" count=0 height=69 index=0 module=bxh_adapter timeout IDs="[]"
time="2023-09-06T14:52:11.055" level=info msg="Handle interchain tx wrapper" count=0 height=70 index=0 module=bxh_adapter timeout IDs="[]"
time="2023-09-06T14:56:11.141" level=info msg="Handle interchain tx wrapper" count=0 height=71 index=0 module=bxh_adapter timeout IDs="[]"
time="2023-09-06T14:56:11.441" level=info msg="Handle interchain tx wrapper" count=0 height=72 index=0 module=bxh_adapter timeout IDs="[]"
time="2023-09-06T14:56:12.802" level=info msg="Handle interchain tx wrapper" count=0 height=73 index=0 module=bxh_adapter timeout IDs="[]"
time="2023-09-06T14:56:13.097" level=info msg="Handle interchain tx wrapper" count=0 height=74 index=0 module=bxh_adapter timeout IDs="[]"
time="2023-09-06T14:56:13.732" level=info msg="Handle interchain tx wrapper" count=0 height=75 index=0 module=bxh_adapter timeout IDs="[]"
time="2023-09-06T14:56:15.506" level=info msg="Handle interchain tx wrapper" count=0 height=76 index=0 module=bxh_adapter timeout IDs="[]"
time="2023-09-06T14:56:15.806" level=info msg="Handle interchain tx wrapper" count=0 height=77 index=0 module=bxh_adapter timeout IDs="[]"
time="2023-09-06T14:56:17.602" level=info msg="Handle interchain tx wrapper" count=0 height=78 index=0 module=bxh_adapter timeout IDs="[]"
time="2023-09-06T14:56:30.523" level=info msg="Handle interchain tx wrapper" count=1 height=79 index=0 module=bxh_adapter timeout IDs="[]"
time="2023-09-06T14:56:30.523" level=info msg="Handle interchain tx wrapper" count=0 height=80 index=0 module=bxh_adapter timeout IDs="[]"
time="2023-09-06T14:56:30.523" level=info msg="Receive ibtp from :bitxhub:1356" ibtp_id="1356:ethappchain1:0xfDE40690377Cf902fF2A1eF86357BD54e4a2f63b-1356:appchain1:mychannel&data_swapper-1" index=1 module=exchanger type=INTERCHAIN
time="2023-09-06T14:56:30.523" level=info msg="start submit ibtp" ibtp="1356:ethappchain1:0xfDE40690377Cf902fF2A1eF86357BD54e4a2f63b-1356:appchain1:mychannel&data_swapper-1" module=appchain_adapter typ=INTERCHAIN
time="2023-09-06T14:56:34.607" level=info msg="Receive ibtp from :appchain:appchain1" ibtp_id="1356:ethappchain1:0xfDE40690377Cf902fF2A1eF86357BD54e4a2f63b-1356:appchain1:mychannel&data_swapper-1" index=1 module=exchanger type=RECEIPT_SUCCESS
time="2023-09-06T14:56:34.608" level=info msg="appchain adapter submit ibtp success" module=appchain_adapter
time="2023-09-06T14:56:35.016" level=info msg="Handle interchain tx wrapper" count=0 height=81 index=0 module=bxh_adapter timeout IDs="[]"
time="2023-09-06T14:56:35.315" level=info msg="Handle interchain tx wrapper" count=0 height=82 index=0 module=bxh_adapter timeout IDs="[]"
time="2023-09-06T15:01:52.037" level=info msg="Handle interchain tx wrapper" count=0 height=83 index=0 module=bxh_adapter timeout IDs="[]"
time="2023-09-06T15:01:52.336" level=info msg="Handle interchain tx wrapper" count=0 height=84 index=0 module=bxh_adapter timeout IDs="[]"
time="2023-09-06T15:01:54.634" level=info msg="Handle interchain tx wrapper" count=0 height=85 index=0 module=bxh_adapter timeout IDs="[]"
time="2023-09-06T15:01:55.324" level=info msg="Handle interchain tx wrapper" count=0 height=86 index=0 module=bxh_adapter timeout IDs="[]"
time="2023-09-06T15:01:56.744" level=info msg="Handle interchain tx wrapper" count=0 height=87 index=0 module=bxh_adapter timeout IDs="[]"
time="2023-09-06T15:01:57.429" level=info msg="Handle interchain tx wrapper" count=0 height=88 index=0 module=bxh_adapter timeout IDs="[]"
time="2023-09-06T15:01:59.530" level=info msg="Handle interchain tx wrapper" count=0 height=89 index=0 module=bxh_adapter timeout IDs="[]"
time="2023-09-06T15:11:20.668" level=info msg="Handle interchain tx wrapper" count=0 height=90 index=0 module=bxh_adapter timeout IDs="[]"
time="2023-09-06T15:11:20.968" level=info msg="Handle interchain tx wrapper" count=0 height=91 index=0 module=bxh_adapter timeout IDs="[]"
time="2023-09-06T15:11:23.309" level=info msg="Handle interchain tx wrapper" count=0 height=92 index=0 module=bxh_adapter timeout IDs="[]"
time="2023-09-06T15:11:23.917" level=info msg="Handle interchain tx wrapper" count=0 height=93 index=0 module=bxh_adapter timeout IDs="[]"
time="2023-09-06T15:11:25.401" level=info msg="Handle interchain tx wrapper" count=0 height=94 index=0 module=bxh_adapter timeout IDs="[]"
time="2023-09-06T15:11:26.013" level=info msg="Handle interchain tx wrapper" count=0 height=95 index=0 module=bxh_adapter timeout IDs="[]"
time="2023-09-06T15:11:28.121" level=info msg="Handle interchain tx wrapper" count=0 height=96 index=0 module=bxh_adapter timeout IDs="[]"
time="2023-09-06T15:22:02.562" level=info msg="Handle interchain tx wrapper" count=0 height=97 index=0 module=bxh_adapter timeout IDs="[]"
time="2023-09-06T15:22:02.858" level=info msg="Handle interchain tx wrapper" count=0 height=98 index=0 module=bxh_adapter timeout IDs="[]"
time="2023-09-06T15:22:05.186" level=info msg="Handle interchain tx wrapper" count=0 height=99 index=0 module=bxh_adapter timeout IDs="[]"
time="2023-09-06T15:22:05.900" level=info msg="Handle interchain tx wrapper" count=0 height=100 index=0 module=bxh_adapter timeout IDs="[]"
time="2023-09-06T15:22:07.275" level=info msg="Handle interchain tx wrapper" count=0 height=101 index=0 module=bxh_adapter timeout IDs="[]"
time="2023-09-06T15:22:07.996" level=info msg="Handle interchain tx wrapper" count=0 height=102 index=0 module=bxh_adapter timeout IDs="[]"
time="2023-09-06T15:22:10.094" level=info msg="Handle interchain tx wrapper" count=0 height=103 index=0 module=bxh_adapter timeout IDs="[]"
time="2023-09-06T15:22:23.185" level=info msg="Handle interchain tx wrapper" count=1 height=104 index=0 module=bxh_adapter timeout IDs="[]"
time="2023-09-06T15:22:23.185" level=info msg="Handle interchain tx wrapper" count=0 height=105 index=0 module=bxh_adapter timeout IDs="[]"
time="2023-09-06T15:22:23.185" level=info msg="Receive ibtp from :bitxhub:1356" ibtp_id="1356:ethappchain1:0x3bD83A20D2294846C7724026A40fb842ACF67dE7-1356:appchain1:mychannel&data_swapper-1" index=1 module=exchanger type=INTERCHAIN
time="2023-09-06T15:22:23.185" level=info msg="start submit ibtp" ibtp="1356:ethappchain1:0x3bD83A20D2294846C7724026A40fb842ACF67dE7-1356:appchain1:mychannel&data_swapper-1" module=appchain_adapter typ=INTERCHAIN
time="2023-09-06T15:22:27.274" level=info msg="appchain adapter submit ibtp success" module=appchain_adapter
time="2023-09-06T15:22:27.274" level=info msg="Receive ibtp from :appchain:appchain1" ibtp_id="1356:ethappchain1:0x3bD83A20D2294846C7724026A40fb842ACF67dE7-1356:appchain1:mychannel&data_swapper-1" index=1 module=exchanger type=RECEIPT_SUCCESS
time="2023-09-06T15:22:27.686" level=info msg="Handle interchain tx wrapper" count=0 height=106 index=0 module=bxh_adapter timeout IDs="[]"
time="2023-09-06T15:22:30.096" level=info msg="Handle interchain tx wrapper" count=0 height=107 index=0 module=bxh_adapter timeout IDs="[]"
